# JRE version: Java(TM) SE Runtime Environment (8.0_45-b14) (build 1.8.0_45-b14)
# Java VM: Java HotSpot(TM) 64-Bit Server VM (25.45-b02 mixed mode windows-amd64 compressed oops)
Heap:
 PSYoungGen      total 440832K, used 48492K [0x00000000e0000000, 0x0000000100000000, 0x0000000100000000)
  eden space 360448K, 0% used [0x00000000e0000000,0x00000000e0000000,0x00000000f6000000)
  from space 80384K, 60% used [0x00000000fb180000,0x00000000fe0db2b8,0x0000000100000000)
  to   space 81920K, 0% used [0x00000000f6000000,0x00000000f6000000,0x00000000fb000000)
 ParOldGen       total 335360K, used 314107K [0x00000000a0000000, 0x00000000b4780000, 0x00000000e0000000)
  object space 335360K, 93% used [0x00000000a0000000,0x00000000b32bed28,0x00000000b4780000)
 Metaspace       used 78063K, capacity 84852K, committed 85208K, reserved 1124352K
  class space    used 9993K, capacity 10825K, committed 11008K, reserved 1048576K
GC Heap History (10 events):
Event: 20014.524 GC heap after
Heap after GC invocations=82 (full 6):
 PSYoungGen      total 442368K, used 42844K [0x00000000e0000000, 0x00000000ffe80000, 0x0000000100000000)
  eden space 365056K, 0% used [0x00000000e0000000,0x00000000e0000000,0x00000000f6480000)
  from space 77312K, 55% used [0x00000000fb080000,0x00000000fda57168,0x00000000ffc00000)
  to   space 77824K, 0% used [0x00000000f6480000,0x00000000f6480000,0x00000000fb080000)
 ParOldGen       total 335360K, used 264410K [0x00000000a0000000, 0x00000000b4780000, 0x00000000e0000000)
  object space 335360K, 78% used [0x00000000a0000000,0x00000000b0236b40,0x00000000b4780000)
 Metaspace       used 77880K, capacity 84612K, committed 84824K, reserved 1124352K
  class space    used 9976K, capacity 10809K, committed 10880K, reserved 1048576K
}
Event: 20042.342 GC heap before
{Heap before GC invocations=83 (full 6):
 PSYoungGen      total 442368K, used 407900K [0x00000000e0000000, 0x00000000ffe80000, 0x0000000100000000)
  eden space 365056K, 100% used [0x00000000e0000000,0x00000000f6480000,0x00000000f6480000)
  from space 77312K, 55% used [0x00000000fb080000,0x00000000fda57168,0x00000000ffc00000)
  to   space 77824K, 0% used [0x00000000f6480000,0x00000000f6480000,0x00000000fb080000)
 ParOldGen       total 335360K, used 264410K [0x00000000a0000000, 0x00000000b4780000, 0x00000000e0000000)
  object space 335360K, 78% used [0x00000000a0000000,0x00000000b0236b40,0x00000000b4780000)
 Metaspace       used 77920K, capacity 84700K, committed 84952K, reserved 1124352K
  class space    used 9984K, capacity 10817K, committed 11008K, reserved 1048576K
Event: 20042.347 GC heap after
Heap after GC invocations=83 (full 6):
 PSYoungGen      total 442880K, used 2144K [0x00000000e0000000, 0x0000000100000000, 0x0000000100000000)
  eden space 365056K, 0% used [0x00000000e0000000,0x00000000e0000000,0x00000000f6480000)
  from space 77824K, 2% used [0x00000000f6480000,0x00000000f66982d8,0x00000000fb080000)
  to   space 77824K, 0% used [0x00000000fb400000,0x00000000fb400000,0x0000000100000000)
 ParOldGen       total 335360K, used 265859K [0x00000000a0000000, 0x00000000b4780000, 0x00000000e0000000)
  object space 335360K, 79% used [0x00000000a0000000,0x00000000b03a0f48,0x00000000b4780000)
 Metaspace       used 77920K, capacity 84700K, committed 84952K, reserved 1124352K
  class space    used 9984K, capacity 10817K, committed 11008K, reserved 1048576K
}
Event: 20044.114 GC heap before
{Heap before GC invocations=84 (full 6):
 PSYoungGen      total 442880K, used 367200K [0x00000000e0000000, 0x0000000100000000, 0x0000000100000000)
  eden space 365056K, 100% used [0x00000000e0000000,0x00000000f6480000,0x00000000f6480000)
  from space 77824K, 2% used [0x00000000f6480000,0x00000000f66982d8,0x00000000fb080000)
  to   space 77824K, 0% used [0x00000000fb400000,0x00000000fb400000,0x0000000100000000)
 ParOldGen       total 335360K, used 265859K [0x00000000a0000000, 0x00000000b4780000, 0x00000000e0000000)
  object space 335360K, 79% used [0x00000000a0000000,0x00000000b03a0f48,0x00000000b4780000)
 Metaspace       used 77981K, capacity 84700K, committed 84952K, reserved 1124352K
  class space    used 9985K, capacity 10817K, committed 11008K, reserved 1048576K
Event: 20044.138 GC heap after
Heap after GC invocations=84 (full 6):
 PSYoungGen      total 442368K, used 35008K [0x00000000e0000000, 0x00000000ffc00000, 0x0000000100000000)
  eden space 368640K, 0% used [0x00000000e0000000,0x00000000e0000000,0x00000000f6800000)
  from space 73728K, 47% used [0x00000000fb400000,0x00000000fd6301b0,0x00000000ffc00000)
  to   space 75776K, 0% used [0x00000000f6800000,0x00000000f6800000,0x00000000fb200000)
 ParOldGen       total 335360K, used 266795K [0x00000000a0000000, 0x00000000b4780000, 0x00000000e0000000)
  object space 335360K, 79% used [0x00000000a0000000,0x00000000b048afe0,0x00000000b4780000)
 Metaspace       used 77981K, capacity 84700K, committed 84952K, reserved 1124352K
  class space    used 9985K, capacity 10817K, committed 11008K, reserved 1048576K
}
Event: 20044.430 GC heap before
{Heap before GC invocations=85 (full 6):
 PSYoungGen      total 442368K, used 403648K [0x00000000e0000000, 0x00000000ffc00000, 0x0000000100000000)
  eden space 368640K, 100% used [0x00000000e0000000,0x00000000f6800000,0x00000000f6800000)
  from space 73728K, 47% used [0x00000000fb400000,0x00000000fd6301b0,0x00000000ffc00000)
  to   space 75776K, 0% used [0x00000000f6800000,0x00000000f6800000,0x00000000fb200000)
 ParOldGen       total 335360K, used 266795K [0x00000000a0000000, 0x00000000b4780000, 0x00000000e0000000)
  object space 335360K, 79% used [0x00000000a0000000,0x00000000b048afe0,0x00000000b4780000)
 Metaspace       used 77981K, capacity 84700K, committed 84952K, reserved 1124352K
  class space    used 9985K, capacity 10817K, committed 11008K, reserved 1048576K
Event: 20044.477 GC heap after
Heap after GC invocations=85 (full 6):
 PSYoungGen      total 422400K, used 53288K [0x00000000e0000000, 0x0000000100000000, 0x0000000100000000)
  eden space 368640K, 0% used [0x00000000e0000000,0x00000000e0000000,0x00000000f6800000)
  from space 53760K, 99% used [0x00000000f6800000,0x00000000f9c0a2d8,0x00000000f9c80000)
  to   space 80384K, 0% used [0x00000000fb180000,0x00000000fb180000,0x0000000100000000)
 ParOldGen       total 335360K, used 294405K [0x00000000a0000000, 0x00000000b4780000, 0x00000000e0000000)
  object space 335360K, 87% used [0x00000000a0000000,0x00000000b1f81520,0x00000000b4780000)
 Metaspace       used 77981K, capacity 84700K, committed 84952K, reserved 1124352K
  class space    used 9985K, capacity 10817K, committed 11008K, reserved 1048576K
}
Event: 20098.001 GC heap before
{Heap before GC invocations=86 (full 6):
 PSYoungGen      total 422400K, used 421928K [0x00000000e0000000, 0x0000000100000000, 0x0000000100000000)
  eden space 368640K, 100% used [0x00000000e0000000,0x00000000f6800000,0x00000000f6800000)
  from space 53760K, 99% used [0x00000000f6800000,0x00000000f9c0a2d8,0x00000000f9c80000)
  to   space 80384K, 0% used [0x00000000fb180000,0x00000000fb180000,0x0000000100000000)
 ParOldGen       total 335360K, used 294405K [0x00000000a0000000, 0x00000000b4780000, 0x00000000e0000000)
  object space 335360K, 87% used [0x00000000a0000000,0x00000000b1f81520,0x00000000b4780000)
 Metaspace       used 78063K, capacity 84852K, committed 85208K, reserved 1124352K
  class space    used 9993K, capacity 10825K, committed 11008K, reserved 1048576K
Event: 20098.033 GC heap after
Heap after GC invocations=86 (full 6):
 PSYoungGen      total 440832K, used 48492K [0x00000000e0000000, 0x0000000100000000, 0x0000000100000000)
  eden space 360448K, 0% used [0x00000000e0000000,0x00000000e0000000,0x00000000f6000000)
  from space 80384K, 60% used [0x00000000fb180000,0x00000000fe0db2b8,0x0000000100000000)
  to   space 81920K, 0% used [0x00000000f6000000,0x00000000f6000000,0x00000000fb000000)
 ParOldGen       total 335360K, used 314107K [0x00000000a0000000, 0x00000000b4780000, 0x00000000e0000000)
  object space 335360K, 93% used [0x00000000a0000000,0x00000000b32bed28,0x00000000b4780000)
 Metaspace       used 78063K, capacity 84852K, committed 85208K, reserved 1124352K
  class space    used 9993K, capacity 10825K, committed 11008K, reserved 1048576K
}
Event: 20098.033 GC heap before
{Heap before GC invocations=87 (full 7):
 PSYoungGen      total 440832K, used 48492K [0x00000000e0000000, 0x0000000100000000, 0x0000000100000000)
  eden space 360448K, 0% used [0x00000000e0000000,0x00000000e0000000,0x00000000f6000000)
  from space 80384K, 60% used [0x00000000fb180000,0x00000000fe0db2b8,0x0000000100000000)
  to   space 81920K, 0% used [0x00000000f6000000,0x00000000f6000000,0x00000000fb000000)
 ParOldGen       total 335360K, used 314107K [0x00000000a0000000, 0x00000000b4780000, 0x00000000e0000000)
  object space 335360K, 93% used [0x00000000a0000000,0x00000000b32bed28,0x00000000b4780000)
 Metaspace       used 78063K, capacity 84852K, committed 85208K, reserved 1124352K
  class space    used 9993K, capacity 10825K, committed 11008K, reserved 1048576K

