# JRE version: Java(TM) SE Runtime Environment (8.0_45-b14) (build 1.8.0_45-b14)
# Java VM: Java HotSpot(TM) 64-Bit Server VM (25.45-b02 mixed mode windows-amd64 compressed oops)
Heap:
 PSYoungGen      total 104960K, used 14008K [0x00000000e0000000, 0x00000000e8a80000, 0x0000000100000000)
  eden space 93696K, 2% used [0x00000000e0000000,0x00000000e02b1270,0x00000000e5b80000)
  from space 11264K, 99% used [0x00000000e5b80000,0x00000000e667cdc0,0x00000000e6680000)
  to   space 12800K, 0% used [0x00000000e7e00000,0x00000000e7e00000,0x00000000e8a80000)
 ParOldGen       total 141824K, used 17122K [0x00000000a0000000, 0x00000000a8a80000, 0x00000000e0000000)
  object space 141824K, 12% used [0x00000000a0000000,0x00000000a10b8bd0,0x00000000a8a80000)
 Metaspace       used 45459K, capacity 46482K, committed 46680K, reserved 1089536K
  class space    used 6250K, capacity 6497K, committed 6528K, reserved 1048576K
GC Heap History (10 events):
Event: 6.336 GC heap before
{Heap before GC invocations=7 (full 1):
 PSYoungGen      total 57344K, used 57319K [0x00000000e0000000, 0x00000000e5900000, 0x0000000100000000)
  eden space 49152K, 100% used [0x00000000e0000000,0x00000000e3000000,0x00000000e3000000)
  from space 8192K, 99% used [0x00000000e3000000,0x00000000e37f9d00,0x00000000e3800000)
  to   space 11264K, 0% used [0x00000000e4e00000,0x00000000e4e00000,0x00000000e5900000)
 ParOldGen       total 90624K, used 9761K [0x00000000a0000000, 0x00000000a5880000, 0x00000000e0000000)
  object space 90624K, 10% used [0x00000000a0000000,0x00000000a0988798,0x00000000a5880000)
 Metaspace       used 30685K, capacity 31318K, committed 31616K, reserved 1077248K
  class space    used 4283K, capacity 4453K, committed 4480K, reserved 1048576K
Event: 6.341 GC heap after
Heap after GC invocations=7 (full 1):
 PSYoungGen      total 74752K, used 6873K [0x00000000e0000000, 0x00000000e5680000, 0x0000000100000000)
  eden space 66048K, 0% used [0x00000000e0000000,0x00000000e0000000,0x00000000e4080000)
  from space 8704K, 78% used [0x00000000e4e00000,0x00000000e54b6448,0x00000000e5680000)
  to   space 11264K, 0% used [0x00000000e4080000,0x00000000e4080000,0x00000000e4b80000)
 ParOldGen       total 90624K, used 9769K [0x00000000a0000000, 0x00000000a5880000, 0x00000000e0000000)
  object space 90624K, 10% used [0x00000000a0000000,0x00000000a098a798,0x00000000a5880000)
 Metaspace       used 30685K, capacity 31318K, committed 31616K, reserved 1077248K
  class space    used 4283K, capacity 4453K, committed 4480K, reserved 1048576K
}
Event: 6.633 GC heap before
{Heap before GC invocations=8 (full 1):
 PSYoungGen      total 74752K, used 26871K [0x00000000e0000000, 0x00000000e5680000, 0x0000000100000000)
  eden space 66048K, 30% used [0x00000000e0000000,0x00000000e1387b38,0x00000000e4080000)
  from space 8704K, 78% used [0x00000000e4e00000,0x00000000e54b6448,0x00000000e5680000)
  to   space 11264K, 0% used [0x00000000e4080000,0x00000000e4080000,0x00000000e4b80000)
 ParOldGen       total 90624K, used 9769K [0x00000000a0000000, 0x00000000a5880000, 0x00000000e0000000)
  object space 90624K, 10% used [0x00000000a0000000,0x00000000a098a798,0x00000000a5880000)
 Metaspace       used 34674K, capacity 35258K, committed 35416K, reserved 1079296K
  class space    used 4789K, capacity 4937K, committed 4992K, reserved 1048576K
Event: 6.640 GC heap after
Heap after GC invocations=8 (full 1):
 PSYoungGen      total 77312K, used 9573K [0x00000000e0000000, 0x00000000e7400000, 0x0000000100000000)
  eden space 66048K, 0% used [0x00000000e0000000,0x00000000e0000000,0x00000000e4080000)
  from space 11264K, 84% used [0x00000000e4080000,0x00000000e49d97d8,0x00000000e4b80000)
  to   space 11776K, 0% used [0x00000000e6880000,0x00000000e6880000,0x00000000e7400000)
 ParOldGen       total 90624K, used 9777K [0x00000000a0000000, 0x00000000a5880000, 0x00000000e0000000)
  object space 90624K, 10% used [0x00000000a0000000,0x00000000a098c798,0x00000000a5880000)
 Metaspace       used 34674K, capacity 35258K, committed 35416K, reserved 1079296K
  class space    used 4789K, capacity 4937K, committed 4992K, reserved 1048576K
}
Event: 6.640 GC heap before
{Heap before GC invocations=9 (full 2):
 PSYoungGen      total 77312K, used 9573K [0x00000000e0000000, 0x00000000e7400000, 0x0000000100000000)
  eden space 66048K, 0% used [0x00000000e0000000,0x00000000e0000000,0x00000000e4080000)
  from space 11264K, 84% used [0x00000000e4080000,0x00000000e49d97d8,0x00000000e4b80000)
  to   space 11776K, 0% used [0x00000000e6880000,0x00000000e6880000,0x00000000e7400000)
 ParOldGen       total 90624K, used 9777K [0x00000000a0000000, 0x00000000a5880000, 0x00000000e0000000)
  object space 90624K, 10% used [0x00000000a0000000,0x00000000a098c798,0x00000000a5880000)
 Metaspace       used 34674K, capacity 35258K, committed 35416K, reserved 1079296K
  class space    used 4789K, capacity 4937K, committed 4992K, reserved 1048576K
Event: 6.703 GC heap after
Heap after GC invocations=9 (full 2):
 PSYoungGen      total 77312K, used 0K [0x00000000e0000000, 0x00000000e7400000, 0x0000000100000000)
  eden space 66048K, 0% used [0x00000000e0000000,0x00000000e0000000,0x00000000e4080000)
  from space 11264K, 0% used [0x00000000e4080000,0x00000000e4080000,0x00000000e4b80000)
  to   space 11776K, 0% used [0x00000000e6880000,0x00000000e6880000,0x00000000e7400000)
 ParOldGen       total 141824K, used 15832K [0x00000000a0000000, 0x00000000a8a80000, 0x00000000e0000000)
  object space 141824K, 11% used [0x00000000a0000000,0x00000000a0f76098,0x00000000a8a80000)
 Metaspace       used 34674K, capacity 35258K, committed 35416K, reserved 1079296K
  class space    used 4789K, capacity 4937K, committed 4992K, reserved 1048576K
}
Event: 7.301 GC heap before
{Heap before GC invocations=10 (full 2):
 PSYoungGen      total 77312K, used 66048K [0x00000000e0000000, 0x00000000e7400000, 0x0000000100000000)
  eden space 66048K, 100% used [0x00000000e0000000,0x00000000e4080000,0x00000000e4080000)
  from space 11264K, 0% used [0x00000000e4080000,0x00000000e4080000,0x00000000e4b80000)
  to   space 11776K, 0% used [0x00000000e6880000,0x00000000e6880000,0x00000000e7400000)
 ParOldGen       total 141824K, used 15832K [0x00000000a0000000, 0x00000000a8a80000, 0x00000000e0000000)
  object space 141824K, 11% used [0x00000000a0000000,0x00000000a0f76098,0x00000000a8a80000)
 Metaspace       used 38204K, capacity 38976K, committed 39256K, reserved 1083392K
  class space    used 5233K, capacity 5467K, committed 5504K, reserved 1048576K
Event: 7.308 GC heap after
Heap after GC invocations=10 (full 2):
 PSYoungGen      total 102912K, used 7009K [0x00000000e0000000, 0x00000000e7180000, 0x0000000100000000)
  eden space 93696K, 0% used [0x00000000e0000000,0x00000000e0000000,0x00000000e5b80000)
  from space 9216K, 76% used [0x00000000e6880000,0x00000000e6f58758,0x00000000e7180000)
  to   space 11264K, 0% used [0x00000000e5b80000,0x00000000e5b80000,0x00000000e6680000)
 ParOldGen       total 141824K, used 15840K [0x00000000a0000000, 0x00000000a8a80000, 0x00000000e0000000)
  object space 141824K, 11% used [0x00000000a0000000,0x00000000a0f78098,0x00000000a8a80000)
 Metaspace       used 38204K, capacity 38976K, committed 39256K, reserved 1083392K
  class space    used 5233K, capacity 5467K, committed 5504K, reserved 1048576K
}
Event: 8.753 GC heap before
{Heap before GC invocations=11 (full 2):
 PSYoungGen      total 102912K, used 100705K [0x00000000e0000000, 0x00000000e7180000, 0x0000000100000000)
  eden space 93696K, 100% used [0x00000000e0000000,0x00000000e5b80000,0x00000000e5b80000)
  from space 9216K, 76% used [0x00000000e6880000,0x00000000e6f58758,0x00000000e7180000)
  to   space 11264K, 0% used [0x00000000e5b80000,0x00000000e5b80000,0x00000000e6680000)
 ParOldGen       total 141824K, used 15840K [0x00000000a0000000, 0x00000000a8a80000, 0x00000000e0000000)
  object space 141824K, 11% used [0x00000000a0000000,0x00000000a0f78098,0x00000000a8a80000)
 Metaspace       used 45456K, capacity 46482K, committed 46680K, reserved 1089536K
  class space    used 6250K, capacity 6497K, committed 6528K, reserved 1048576K
Event: 8.764 GC heap after
Heap after GC invocations=11 (full 2):
 PSYoungGen      total 104960K, used 11251K [0x00000000e0000000, 0x00000000e8a80000, 0x0000000100000000)
  eden space 93696K, 0% used [0x00000000e0000000,0x00000000e0000000,0x00000000e5b80000)
  from space 11264K, 99% used [0x00000000e5b80000,0x00000000e667cdc0,0x00000000e6680000)
  to   space 12800K, 0% used [0x00000000e7e00000,0x00000000e7e00000,0x00000000e8a80000)
 ParOldGen       total 141824K, used 17122K [0x00000000a0000000, 0x00000000a8a80000, 0x00000000e0000000)
  object space 141824K, 12% used [0x00000000a0000000,0x00000000a10b8bd0,0x00000000a8a80000)
 Metaspace       used 45456K, capacity 46482K, committed 46680K, reserved 1089536K
  class space    used 6250K, capacity 6497K, committed 6528K, reserved 1048576K
}

