# JRE version: Java(TM) SE Runtime Environment (8.0_45-b14) (build 1.8.0_45-b14)
# Java VM: Java HotSpot(TM) 64-Bit Server VM (25.45-b02 mixed mode windows-amd64 compressed oops)
Heap:
 PSYoungGen      total 429056K, used 47856K [0x00000000e0000000, 0x0000000100000000, 0x0000000100000000)
  eden space 341504K, 0% used [0x00000000e0000000,0x00000000e0000000,0x00000000f4d80000)
  from space 87552K, 54% used [0x00000000fa200000,0x00000000fd0bc368,0x00000000ff780000)
  to   space 86528K, 0% used [0x00000000f4d80000,0x00000000f4d80000,0x00000000fa200000)
 ParOldGen       total 226816K, used 206248K [0x00000000a0000000, 0x00000000add80000, 0x00000000e0000000)
  object space 226816K, 90% used [0x00000000a0000000,0x00000000ac96a120,0x00000000add80000)
 Metaspace       used 73861K, capacity 77498K, committed 77656K, reserved 1116160K
  class space    used 9618K, capacity 10307K, committed 10368K, reserved 1048576K
GC Heap History (10 events):
Event: 814.428 GC heap after
Heap after GC invocations=29 (full 3):
 PSYoungGen      total 401920K, used 58522K [0x00000000e0000000, 0x00000000fe300000, 0x0000000100000000)
  eden space 314368K, 0% used [0x00000000e0000000,0x00000000e0000000,0x00000000f3300000)
  from space 87552K, 66% used [0x00000000f8b80000,0x00000000fc4a6948,0x00000000fe100000)
  to   space 90112K, 0% used [0x00000000f3300000,0x00000000f3300000,0x00000000f8b00000)
 ParOldGen       total 226816K, used 145538K [0x00000000a0000000, 0x00000000add80000, 0x00000000e0000000)
  object space 226816K, 64% used [0x00000000a0000000,0x00000000a8e20a18,0x00000000add80000)
 Metaspace       used 73475K, capacity 77046K, committed 77144K, reserved 1116160K
  class space    used 9594K, capacity 10271K, committed 10368K, reserved 1048576K
}
Event: 815.115 GC heap before
{Heap before GC invocations=30 (full 3):
 PSYoungGen      total 401920K, used 372890K [0x00000000e0000000, 0x00000000fe300000, 0x0000000100000000)
  eden space 314368K, 100% used [0x00000000e0000000,0x00000000f3300000,0x00000000f3300000)
  from space 87552K, 66% used [0x00000000f8b80000,0x00000000fc4a6948,0x00000000fe100000)
  to   space 90112K, 0% used [0x00000000f3300000,0x00000000f3300000,0x00000000f8b00000)
 ParOldGen       total 226816K, used 145538K [0x00000000a0000000, 0x00000000add80000, 0x00000000e0000000)
  object space 226816K, 64% used [0x00000000a0000000,0x00000000a8e20a18,0x00000000add80000)
 Metaspace       used 73481K, capacity 77046K, committed 77144K, reserved 1116160K
  class space    used 9594K, capacity 10271K, committed 10368K, reserved 1048576K
Event: 815.193 GC heap after
Heap after GC invocations=30 (full 3):
 PSYoungGen      total 404480K, used 55961K [0x00000000e0000000, 0x0000000100000000, 0x0000000100000000)
  eden space 314368K, 0% used [0x00000000e0000000,0x00000000e0000000,0x00000000f3300000)
  from space 90112K, 62% used [0x00000000f3300000,0x00000000f69a6758,0x00000000f8b00000)
  to   space 91136K, 0% used [0x00000000fa700000,0x00000000fa700000,0x0000000100000000)
 ParOldGen       total 226816K, used 173030K [0x00000000a0000000, 0x00000000add80000, 0x00000000e0000000)
  object space 226816K, 76% used [0x00000000a0000000,0x00000000aa8f9b98,0x00000000add80000)
 Metaspace       used 73481K, capacity 77046K, committed 77144K, reserved 1116160K
  class space    used 9594K, capacity 10271K, committed 10368K, reserved 1048576K
}
Event: 845.973 GC heap before
{Heap before GC invocations=31 (full 3):
 PSYoungGen      total 404480K, used 370329K [0x00000000e0000000, 0x0000000100000000, 0x0000000100000000)
  eden space 314368K, 100% used [0x00000000e0000000,0x00000000f3300000,0x00000000f3300000)
  from space 90112K, 62% used [0x00000000f3300000,0x00000000f69a6758,0x00000000f8b00000)
  to   space 91136K, 0% used [0x00000000fa700000,0x00000000fa700000,0x0000000100000000)
 ParOldGen       total 226816K, used 173030K [0x00000000a0000000, 0x00000000add80000, 0x00000000e0000000)
  object space 226816K, 76% used [0x00000000a0000000,0x00000000aa8f9b98,0x00000000add80000)
 Metaspace       used 73666K, capacity 77346K, committed 77656K, reserved 1116160K
  class space    used 9610K, capacity 10293K, committed 10368K, reserved 1048576K
Event: 845.981 GC heap after
Heap after GC invocations=31 (full 3):
 PSYoungGen      total 430080K, used 3479K [0x00000000e0000000, 0x0000000100000000, 0x0000000100000000)
  eden space 338944K, 0% used [0x00000000e0000000,0x00000000e0000000,0x00000000f4b00000)
  from space 91136K, 3% used [0x00000000fa700000,0x00000000faa65ee8,0x0000000100000000)
  to   space 92672K, 0% used [0x00000000f4b00000,0x00000000f4b00000,0x00000000fa580000)
 ParOldGen       total 226816K, used 177142K [0x00000000a0000000, 0x00000000add80000, 0x00000000e0000000)
  object space 226816K, 78% used [0x00000000a0000000,0x00000000aacfdb70,0x00000000add80000)
 Metaspace       used 73666K, capacity 77346K, committed 77656K, reserved 1116160K
  class space    used 9610K, capacity 10293K, committed 10368K, reserved 1048576K
}
Event: 848.553 GC heap before
{Heap before GC invocations=32 (full 3):
 PSYoungGen      total 430080K, used 342423K [0x00000000e0000000, 0x0000000100000000, 0x0000000100000000)
  eden space 338944K, 100% used [0x00000000e0000000,0x00000000f4b00000,0x00000000f4b00000)
  from space 91136K, 3% used [0x00000000fa700000,0x00000000faa65ee8,0x0000000100000000)
  to   space 92672K, 0% used [0x00000000f4b00000,0x00000000f4b00000,0x00000000fa580000)
 ParOldGen       total 226816K, used 177142K [0x00000000a0000000, 0x00000000add80000, 0x00000000e0000000)
  object space 226816K, 78% used [0x00000000a0000000,0x00000000aacfdb70,0x00000000add80000)
 Metaspace       used 73860K, capacity 77498K, committed 77656K, reserved 1116160K
  class space    used 9618K, capacity 10307K, committed 10368K, reserved 1048576K
Event: 848.587 GC heap after
Heap after GC invocations=32 (full 3):
 PSYoungGen      total 373760K, used 34550K [0x00000000e0000000, 0x00000000ff780000, 0x0000000100000000)
  eden space 338944K, 0% used [0x00000000e0000000,0x00000000e0000000,0x00000000f4b00000)
  from space 34816K, 99% used [0x00000000f4b00000,0x00000000f6cbdab8,0x00000000f6d00000)
  to   space 87552K, 0% used [0x00000000fa200000,0x00000000fa200000,0x00000000ff780000)
 ParOldGen       total 226816K, used 179526K [0x00000000a0000000, 0x00000000add80000, 0x00000000e0000000)
  object space 226816K, 79% used [0x00000000a0000000,0x00000000aaf51ae8,0x00000000add80000)
 Metaspace       used 73860K, capacity 77498K, committed 77656K, reserved 1116160K
  class space    used 9618K, capacity 10307K, committed 10368K, reserved 1048576K
}
Event: 849.094 GC heap before
{Heap before GC invocations=33 (full 3):
 PSYoungGen      total 373760K, used 373494K [0x00000000e0000000, 0x00000000ff780000, 0x0000000100000000)
  eden space 338944K, 100% used [0x00000000e0000000,0x00000000f4b00000,0x00000000f4b00000)
  from space 34816K, 99% used [0x00000000f4b00000,0x00000000f6cbdab8,0x00000000f6d00000)
  to   space 87552K, 0% used [0x00000000fa200000,0x00000000fa200000,0x00000000ff780000)
 ParOldGen       total 226816K, used 179526K [0x00000000a0000000, 0x00000000add80000, 0x00000000e0000000)
  object space 226816K, 79% used [0x00000000a0000000,0x00000000aaf51ae8,0x00000000add80000)
 Metaspace       used 73861K, capacity 77498K, committed 77656K, reserved 1116160K
  class space    used 9618K, capacity 10307K, committed 10368K, reserved 1048576K
Event: 849.164 GC heap after
Heap after GC invocations=33 (full 3):
 PSYoungGen      total 429056K, used 47856K [0x00000000e0000000, 0x0000000100000000, 0x0000000100000000)
  eden space 341504K, 0% used [0x00000000e0000000,0x00000000e0000000,0x00000000f4d80000)
  from space 87552K, 54% used [0x00000000fa200000,0x00000000fd0bc368,0x00000000ff780000)
  to   space 86528K, 0% used [0x00000000f4d80000,0x00000000f4d80000,0x00000000fa200000)
 ParOldGen       total 226816K, used 206248K [0x00000000a0000000, 0x00000000add80000, 0x00000000e0000000)
  object space 226816K, 90% used [0x00000000a0000000,0x00000000ac96a120,0x00000000add80000)
 Metaspace       used 73861K, capacity 77498K, committed 77656K, reserved 1116160K
  class space    used 9618K, capacity 10307K, committed 10368K, reserved 1048576K
}
Event: 849.164 GC heap before
{Heap before GC invocations=34 (full 4):
 PSYoungGen      total 429056K, used 47856K [0x00000000e0000000, 0x0000000100000000, 0x0000000100000000)
  eden space 341504K, 0% used [0x00000000e0000000,0x00000000e0000000,0x00000000f4d80000)
  from space 87552K, 54% used [0x00000000fa200000,0x00000000fd0bc368,0x00000000ff780000)
  to   space 86528K, 0% used [0x00000000f4d80000,0x00000000f4d80000,0x00000000fa200000)
 ParOldGen       total 226816K, used 206248K [0x00000000a0000000, 0x00000000add80000, 0x00000000e0000000)
  object space 226816K, 90% used [0x00000000a0000000,0x00000000ac96a120,0x00000000add80000)
 Metaspace       used 73861K, capacity 77498K, committed 77656K, reserved 1116160K
  class space    used 9618K, capacity 10307K, committed 10368K, reserved 1048576K

