# JRE version: Java(TM) SE Runtime Environment (8.0_45-b14) (build 1.8.0_45-b14)
# Java VM: Java HotSpot(TM) 64-Bit Server VM (25.45-b02 mixed mode windows-amd64 compressed oops)
Heap:
 PSYoungGen      total 426496K, used 351561K [0x00000000e0000000, 0x0000000100000000, 0x0000000100000000)
  eden space 323072K, 97% used [0x00000000e0000000,0x00000000f35218f0,0x00000000f3b80000)
  from space 103424K, 33% used [0x00000000f9b00000,0x00000000fbd30d50,0x0000000100000000)
  to   space 97792K, 0% used [0x00000000f3b80000,0x00000000f3b80000,0x00000000f9b00000)
 ParOldGen       total 220672K, used 152661K [0x00000000a0000000, 0x00000000ad780000, 0x00000000e0000000)
  object space 220672K, 69% used [0x00000000a0000000,0x00000000a9515650,0x00000000ad780000)
 Metaspace       used 74301K, capacity 77796K, committed 77972K, reserved 1116160K
  class space    used 9664K, capacity 10328K, committed 10428K, reserved 1048576K
GC Heap History (10 events):
Event: 296.210 GC heap before
{Heap before GC invocations=23 (full 3):
 PSYoungGen      total 242688K, used 241802K [0x00000000e0000000, 0x00000000f5880000, 0x0000000100000000)
  eden space 193024K, 99% used [0x00000000e0000000,0x00000000ebba8c38,0x00000000ebc80000)
  from space 49664K, 99% used [0x00000000ebc80000,0x00000000eecf9f20,0x00000000eed00000)
  to   space 60416K, 0% used [0x00000000f1d80000,0x00000000f1d80000,0x00000000f5880000)
 ParOldGen       total 220672K, used 93107K [0x00000000a0000000, 0x00000000ad780000, 0x00000000e0000000)
  object space 220672K, 42% used [0x00000000a0000000,0x00000000a5aecc30,0x00000000ad780000)
 Metaspace       used 71220K, capacity 74280K, committed 74516K, reserved 1114112K
  class space    used 9392K, capacity 10034K, committed 10044K, reserved 1048576K
Event: 296.254 GC heap after
Heap after GC invocations=23 (full 3):
 PSYoungGen      total 286720K, used 48779K [0x00000000e0000000, 0x00000000f6280000, 0x0000000100000000)
  eden space 226304K, 0% used [0x00000000e0000000,0x00000000e0000000,0x00000000edd00000)
  from space 60416K, 80% used [0x00000000f1d80000,0x00000000f4d22ce0,0x00000000f5880000)
  to   space 66048K, 0% used [0x00000000edd00000,0x00000000edd00000,0x00000000f1d80000)
 ParOldGen       total 220672K, used 97899K [0x00000000a0000000, 0x00000000ad780000, 0x00000000e0000000)
  object space 220672K, 44% used [0x00000000a0000000,0x00000000a5f9ad10,0x00000000ad780000)
 Metaspace       used 71220K, capacity 74280K, committed 74516K, reserved 1114112K
  class space    used 9392K, capacity 10034K, committed 10044K, reserved 1048576K
}
Event: 359.044 GC heap before
{Heap before GC invocations=24 (full 3):
 PSYoungGen      total 286720K, used 275083K [0x00000000e0000000, 0x00000000f6280000, 0x0000000100000000)
  eden space 226304K, 100% used [0x00000000e0000000,0x00000000edd00000,0x00000000edd00000)
  from space 60416K, 80% used [0x00000000f1d80000,0x00000000f4d22ce0,0x00000000f5880000)
  to   space 66048K, 0% used [0x00000000edd00000,0x00000000edd00000,0x00000000f1d80000)
 ParOldGen       total 220672K, used 97899K [0x00000000a0000000, 0x00000000ad780000, 0x00000000e0000000)
  object space 220672K, 44% used [0x00000000a0000000,0x00000000a5f9ad10,0x00000000ad780000)
 Metaspace       used 72597K, capacity 75848K, committed 76052K, reserved 1116160K
  class space    used 9549K, capacity 10204K, committed 10300K, reserved 1048576K
Event: 359.077 GC heap after
Heap after GC invocations=24 (full 3):
 PSYoungGen      total 292352K, used 44429K [0x00000000e0000000, 0x00000000f8880000, 0x0000000100000000)
  eden space 226304K, 0% used [0x00000000e0000000,0x00000000e0000000,0x00000000edd00000)
  from space 66048K, 67% used [0x00000000edd00000,0x00000000f0863690,0x00000000f1d80000)
  to   space 68608K, 0% used [0x00000000f4580000,0x00000000f4580000,0x00000000f8880000)
 ParOldGen       total 220672K, used 102422K [0x00000000a0000000, 0x00000000ad780000, 0x00000000e0000000)
  object space 220672K, 46% used [0x00000000a0000000,0x00000000a6405aa8,0x00000000ad780000)
 Metaspace       used 72597K, capacity 75848K, committed 76052K, reserved 1116160K
  class space    used 9549K, capacity 10204K, committed 10300K, reserved 1048576K
}
Event: 359.362 GC heap before
{Heap before GC invocations=25 (full 3):
 PSYoungGen      total 292352K, used 270733K [0x00000000e0000000, 0x00000000f8880000, 0x0000000100000000)
  eden space 226304K, 100% used [0x00000000e0000000,0x00000000edd00000,0x00000000edd00000)
  from space 66048K, 67% used [0x00000000edd00000,0x00000000f0863690,0x00000000f1d80000)
  to   space 68608K, 0% used [0x00000000f4580000,0x00000000f4580000,0x00000000f8880000)
 ParOldGen       total 220672K, used 102422K [0x00000000a0000000, 0x00000000ad780000, 0x00000000e0000000)
  object space 220672K, 46% used [0x00000000a0000000,0x00000000a6405aa8,0x00000000ad780000)
 Metaspace       used 72618K, capacity 75848K, committed 76052K, reserved 1116160K
  class space    used 9549K, capacity 10204K, committed 10300K, reserved 1048576K
Event: 359.425 GC heap after
Heap after GC invocations=25 (full 3):
 PSYoungGen      total 318464K, used 68583K [0x00000000e0000000, 0x00000000fc380000, 0x0000000100000000)
  eden space 249856K, 0% used [0x00000000e0000000,0x00000000e0000000,0x00000000ef400000)
  from space 68608K, 99% used [0x00000000f4580000,0x00000000f8879e40,0x00000000f8880000)
  to   space 83456K, 0% used [0x00000000ef400000,0x00000000ef400000,0x00000000f4580000)
 ParOldGen       total 220672K, used 112575K [0x00000000a0000000, 0x00000000ad780000, 0x00000000e0000000)
  object space 220672K, 51% used [0x00000000a0000000,0x00000000a6defd30,0x00000000ad780000)
 Metaspace       used 72618K, capacity 75848K, committed 76052K, reserved 1116160K
  class space    used 9549K, capacity 10204K, committed 10300K, reserved 1048576K
}
Event: 359.694 GC heap before
{Heap before GC invocations=26 (full 3):
 PSYoungGen      total 318464K, used 318439K [0x00000000e0000000, 0x00000000fc380000, 0x0000000100000000)
  eden space 249856K, 100% used [0x00000000e0000000,0x00000000ef400000,0x00000000ef400000)
  from space 68608K, 99% used [0x00000000f4580000,0x00000000f8879e40,0x00000000f8880000)
  to   space 83456K, 0% used [0x00000000ef400000,0x00000000ef400000,0x00000000f4580000)
 ParOldGen       total 220672K, used 112575K [0x00000000a0000000, 0x00000000ad780000, 0x00000000e0000000)
  object space 220672K, 51% used [0x00000000a0000000,0x00000000a6defd30,0x00000000ad780000)
 Metaspace       used 72649K, capacity 75976K, committed 76308K, reserved 1116160K
  class space    used 9549K, capacity 10204K, committed 10300K, reserved 1048576K
Event: 359.754 GC heap after
Heap after GC invocations=26 (full 3):
 PSYoungGen      total 333312K, used 83441K [0x00000000e0000000, 0x0000000100000000, 0x0000000100000000)
  eden space 249856K, 0% used [0x00000000e0000000,0x00000000e0000000,0x00000000ef400000)
  from space 83456K, 99% used [0x00000000ef400000,0x00000000f457c538,0x00000000f4580000)
  to   space 103424K, 0% used [0x00000000f9b00000,0x00000000f9b00000,0x0000000100000000)
 ParOldGen       total 220672K, used 129979K [0x00000000a0000000, 0x00000000ad780000, 0x00000000e0000000)
  object space 220672K, 58% used [0x00000000a0000000,0x00000000a7eeeff8,0x00000000ad780000)
 Metaspace       used 72649K, capacity 75976K, committed 76308K, reserved 1116160K
  class space    used 9549K, capacity 10204K, committed 10300K, reserved 1048576K
}
Event: 4119.382 GC heap before
{Heap before GC invocations=27 (full 3):
 PSYoungGen      total 333312K, used 333297K [0x00000000e0000000, 0x0000000100000000, 0x0000000100000000)
  eden space 249856K, 100% used [0x00000000e0000000,0x00000000ef400000,0x00000000ef400000)
  from space 83456K, 99% used [0x00000000ef400000,0x00000000f457c538,0x00000000f4580000)
  to   space 103424K, 0% used [0x00000000f9b00000,0x00000000f9b00000,0x0000000100000000)
 ParOldGen       total 220672K, used 129979K [0x00000000a0000000, 0x00000000ad780000, 0x00000000e0000000)
  object space 220672K, 58% used [0x00000000a0000000,0x00000000a7eeeff8,0x00000000ad780000)
 Metaspace       used 72956K, capacity 76350K, committed 76564K, reserved 1116160K
  class space    used 9566K, capacity 10227K, committed 10300K, reserved 1048576K
Event: 4119.447 GC heap after
Heap after GC invocations=27 (full 3):
 PSYoungGen      total 426496K, used 35011K [0x00000000e0000000, 0x0000000100000000, 0x0000000100000000)
  eden space 323072K, 0% used [0x00000000e0000000,0x00000000e0000000,0x00000000f3b80000)
  from space 103424K, 33% used [0x00000000f9b00000,0x00000000fbd30d50,0x0000000100000000)
  to   space 97792K, 0% used [0x00000000f3b80000,0x00000000f3b80000,0x00000000f9b00000)
 ParOldGen       total 220672K, used 152661K [0x00000000a0000000, 0x00000000ad780000, 0x00000000e0000000)
  object space 220672K, 69% used [0x00000000a0000000,0x00000000a9515650,0x00000000ad780000)
 Metaspace       used 72956K, capacity 76350K, committed 76564K, reserved 1116160K
  class space    used 9566K, capacity 10227K, committed 10300K, reserved 1048576K
}

