# JRE version: Java(TM) SE Runtime Environment (8.0_45-b14) (build 1.8.0_45-b14)
# Java VM: Java HotSpot(TM) 64-Bit Server VM (25.45-b02 mixed mode windows-amd64 compressed oops)
Heap:
 PSYoungGen      total 431104K, used 204539K [0x00000000e0000000, 0x0000000100000000, 0x0000000100000000)
  eden space 346624K, 58% used [0x00000000e0000000,0x00000000ec796f48,0x00000000f5280000)
  from space 84480K, 0% used [0x00000000fa300000,0x00000000fa328000,0x00000000ff580000)
  to   space 82432K, 0% used [0x00000000f5280000,0x00000000f5280000,0x00000000fa300000)
 ParOldGen       total 374784K, used 328257K [0x00000000a0000000, 0x00000000b6e00000, 0x00000000e0000000)
  object space 374784K, 87% used [0x00000000a0000000,0x00000000b4090438,0x00000000b6e00000)
 Metaspace       used 76096K, capacity 79980K, committed 80404K, reserved 1120256K
  class space    used 9652K, capacity 10323K, committed 10556K, reserved 1048576K
GC Heap History (10 events):
Event: 9710.969 GC heap before
{Heap before GC invocations=71 (full 5):
 PSYoungGen      total 439808K, used 363744K [0x00000000e0000000, 0x00000000ff980000, 0x0000000100000000)
  eden space 363520K, 100% used [0x00000000e0000000,0x00000000f6300000,0x00000000f6300000)
  from space 76288K, 0% used [0x00000000f6300000,0x00000000f6338000,0x00000000fad80000)
  to   space 73728K, 0% used [0x00000000fb180000,0x00000000fb180000,0x00000000ff980000)
 ParOldGen       total 374784K, used 280977K [0x00000000a0000000, 0x00000000b6e00000, 0x00000000e0000000)
  object space 374784K, 74% used [0x00000000a0000000,0x00000000b1264558,0x00000000b6e00000)
 Metaspace       used 76008K, capacity 79870K, committed 80404K, reserved 1120256K
  class space    used 9642K, capacity 10312K, committed 10556K, reserved 1048576K
Event: 9710.997 GC heap after
Heap after GC invocations=71 (full 5):
 PSYoungGen      total 418816K, used 73700K [0x00000000e0000000, 0x0000000100000000, 0x0000000100000000)
  eden space 345088K, 0% used [0x00000000e0000000,0x00000000e0000000,0x00000000f5100000)
  from space 73728K, 99% used [0x00000000fb180000,0x00000000ff9790f8,0x00000000ff980000)
  to   space 89600K, 0% used [0x00000000f5100000,0x00000000f5100000,0x00000000fa880000)
 ParOldGen       total 374784K, used 282442K [0x00000000a0000000, 0x00000000b6e00000, 0x00000000e0000000)
  object space 374784K, 75% used [0x00000000a0000000,0x00000000b13d2938,0x00000000b6e00000)
 Metaspace       used 76008K, capacity 79870K, committed 80404K, reserved 1120256K
  class space    used 9642K, capacity 10312K, committed 10556K, reserved 1048576K
}
Event: 9711.234 GC heap before
{Heap before GC invocations=72 (full 5):
 PSYoungGen      total 418816K, used 418788K [0x00000000e0000000, 0x0000000100000000, 0x0000000100000000)
  eden space 345088K, 100% used [0x00000000e0000000,0x00000000f5100000,0x00000000f5100000)
  from space 73728K, 99% used [0x00000000fb180000,0x00000000ff9790f8,0x00000000ff980000)
  to   space 89600K, 0% used [0x00000000f5100000,0x00000000f5100000,0x00000000fa880000)
 ParOldGen       total 374784K, used 282442K [0x00000000a0000000, 0x00000000b6e00000, 0x00000000e0000000)
  object space 374784K, 75% used [0x00000000a0000000,0x00000000b13d2938,0x00000000b6e00000)
 Metaspace       used 76009K, capacity 79870K, committed 80404K, reserved 1120256K
  class space    used 9642K, capacity 10312K, committed 10556K, reserved 1048576K
Event: 9711.260 GC heap after
Heap after GC invocations=72 (full 5):
 PSYoungGen      total 396800K, used 51338K [0x00000000e0000000, 0x0000000100000000, 0x0000000100000000)
  eden space 345088K, 0% used [0x00000000e0000000,0x00000000e0000000,0x00000000f5100000)
  from space 51712K, 99% used [0x00000000f5100000,0x00000000f8322b48,0x00000000f8380000)
  to   space 93184K, 0% used [0x00000000fa500000,0x00000000fa500000,0x0000000100000000)
 ParOldGen       total 374784K, used 288333K [0x00000000a0000000, 0x00000000b6e00000, 0x00000000e0000000)
  object space 374784K, 76% used [0x00000000a0000000,0x00000000b1993488,0x00000000b6e00000)
 Metaspace       used 76009K, capacity 79870K, committed 80404K, reserved 1120256K
  class space    used 9642K, capacity 10312K, committed 10556K, reserved 1048576K
}
Event: 9711.737 GC heap before
{Heap before GC invocations=73 (full 5):
 PSYoungGen      total 396800K, used 396426K [0x00000000e0000000, 0x0000000100000000, 0x0000000100000000)
  eden space 345088K, 100% used [0x00000000e0000000,0x00000000f5100000,0x00000000f5100000)
  from space 51712K, 99% used [0x00000000f5100000,0x00000000f8322b48,0x00000000f8380000)
  to   space 93184K, 0% used [0x00000000fa500000,0x00000000fa500000,0x0000000100000000)
 ParOldGen       total 374784K, used 288333K [0x00000000a0000000, 0x00000000b6e00000, 0x00000000e0000000)
  object space 374784K, 76% used [0x00000000a0000000,0x00000000b1993488,0x00000000b6e00000)
 Metaspace       used 76015K, capacity 79870K, committed 80404K, reserved 1120256K
  class space    used 9642K, capacity 10312K, committed 10556K, reserved 1048576K
Event: 9711.758 GC heap after
Heap after GC invocations=73 (full 5):
 PSYoungGen      total 437760K, used 26194K [0x00000000e0000000, 0x0000000100000000, 0x0000000100000000)
  eden space 344576K, 0% used [0x00000000e0000000,0x00000000e0000000,0x00000000f5080000)
  from space 93184K, 28% used [0x00000000fa500000,0x00000000fbe94b90,0x0000000100000000)
  to   space 86528K, 0% used [0x00000000f5080000,0x00000000f5080000,0x00000000fa500000)
 ParOldGen       total 374784K, used 303368K [0x00000000a0000000, 0x00000000b6e00000, 0x00000000e0000000)
  object space 374784K, 80% used [0x00000000a0000000,0x00000000b2842278,0x00000000b6e00000)
 Metaspace       used 76015K, capacity 79870K, committed 80404K, reserved 1120256K
  class space    used 9642K, capacity 10312K, committed 10556K, reserved 1048576K
}
Event: 9711.922 GC heap before
{Heap before GC invocations=74 (full 5):
 PSYoungGen      total 437760K, used 370642K [0x00000000e0000000, 0x0000000100000000, 0x0000000100000000)
  eden space 344576K, 99% used [0x00000000e0000000,0x00000000f505fda0,0x00000000f5080000)
  from space 93184K, 28% used [0x00000000fa500000,0x00000000fbe94b90,0x0000000100000000)
  to   space 86528K, 0% used [0x00000000f5080000,0x00000000f5080000,0x00000000fa500000)
 ParOldGen       total 374784K, used 303368K [0x00000000a0000000, 0x00000000b6e00000, 0x00000000e0000000)
  object space 374784K, 80% used [0x00000000a0000000,0x00000000b2842278,0x00000000b6e00000)
 Metaspace       used 76020K, capacity 79874K, committed 80404K, reserved 1120256K
  class space    used 9642K, capacity 10312K, committed 10556K, reserved 1048576K
Event: 9711.936 GC heap after
Heap after GC invocations=74 (full 5):
 PSYoungGen      total 348672K, used 4095K [0x00000000e0000000, 0x00000000ff580000, 0x0000000100000000)
  eden space 344576K, 0% used [0x00000000e0000000,0x00000000e0000000,0x00000000f5080000)
  from space 4096K, 99% used [0x00000000f5080000,0x00000000f547fd28,0x00000000f5480000)
  to   space 84480K, 0% used [0x00000000fa300000,0x00000000fa300000,0x00000000ff580000)
 ParOldGen       total 374784K, used 326221K [0x00000000a0000000, 0x00000000b6e00000, 0x00000000e0000000)
  object space 374784K, 87% used [0x00000000a0000000,0x00000000b3e93458,0x00000000b6e00000)
 Metaspace       used 76020K, capacity 79874K, committed 80404K, reserved 1120256K
  class space    used 9642K, capacity 10312K, committed 10556K, reserved 1048576K
}
Event: 9711.959 GC heap before
{Heap before GC invocations=75 (full 5):
 PSYoungGen      total 348672K, used 348624K [0x00000000e0000000, 0x00000000ff580000, 0x0000000100000000)
  eden space 344576K, 99% used [0x00000000e0000000,0x00000000f50746c0,0x00000000f5080000)
  from space 4096K, 99% used [0x00000000f5080000,0x00000000f547fd28,0x00000000f5480000)
  to   space 84480K, 0% used [0x00000000fa300000,0x00000000fa300000,0x00000000ff580000)
 ParOldGen       total 374784K, used 326221K [0x00000000a0000000, 0x00000000b6e00000, 0x00000000e0000000)
  object space 374784K, 87% used [0x00000000a0000000,0x00000000b3e93458,0x00000000b6e00000)
 Metaspace       used 76020K, capacity 79874K, committed 80404K, reserved 1120256K
  class space    used 9642K, capacity 10312K, committed 10556K, reserved 1048576K
Event: 9711.962 GC heap after
Heap after GC invocations=75 (full 5):
 PSYoungGen      total 431104K, used 160K [0x00000000e0000000, 0x0000000100000000, 0x0000000100000000)
  eden space 346624K, 0% used [0x00000000e0000000,0x00000000e0000000,0x00000000f5280000)
  from space 84480K, 0% used [0x00000000fa300000,0x00000000fa328000,0x00000000ff580000)
  to   space 82432K, 0% used [0x00000000f5280000,0x00000000f5280000,0x00000000fa300000)
 ParOldGen       total 374784K, used 328257K [0x00000000a0000000, 0x00000000b6e00000, 0x00000000e0000000)
  object space 374784K, 87% used [0x00000000a0000000,0x00000000b4090438,0x00000000b6e00000)
 Metaspace       used 76020K, capacity 79874K, committed 80404K, reserved 1120256K
  class space    used 9642K, capacity 10312K, committed 10556K, reserved 1048576K
}

